<?xml version="1.0" encoding="UTF-8"?>
<!-- Generated by org.testng.reporters.JUnitXMLReporter -->
<testsuite hostname="HMS-Harish-QA" name="Test" tests="11" failures="0" timestamp="26 Jun 2018 09:52:59 GMT" time="122.479" errors="0">
  <testcase name="fn_ValidateGetCounters" time="0.888" classname="com.hms.test.admin.AdminAPI"/>
  <testcase name="fn_ValidateGetAllPayTypes" time="2.617" classname="com.hms.test.admin.AdminAPI"/>
  <testcase name="fn_ValidateCreateAndGetUsers" time="2.12" classname="com.hms.test.admin.AdminAPI"/>
  <testcase name="fn_ValidateSaveEmailConfiguration" time="0.789" classname="com.hms.test.admin.AdminAPI"/>
  <testcase name="fn_ValidateEditUserWithActiveStatus" time="3.509" classname="com.hms.test.admin.AdminAPI"/>
  <testcase name="fn_ValidateEditUserWithDelete" time="3.382" classname="com.hms.test.admin.AdminAPI"/>
  <testcase name="fn_ValidateEditUserWithInactivestatus" time="3.394" classname="com.hms.test.admin.AdminAPI"/>
  <testcase name="fn_ValidateEditAgent" time="33.737" classname="com.hms.test.admin.AdminAPI"/>
  <testcase name="fn_ValidateDeleteAgent" time="18.072" classname="com.hms.test.admin.AdminAPI"/>
  <testcase name="fn_ValidateCreateAndEditCorporate" time="33.44" classname="com.hms.test.admin.AdminAPI"/>
  <testcase name="fn_ValidateDeleteCorporate" time="18.254" classname="com.hms.test.admin.AdminAPI"/>
</testsuite> <!-- Test -->
