<?xml version="1.0" encoding="UTF-8"?>
<testng-results skipped="0" failed="0" total="1" passed="1">
  <reporter-output>
  </reporter-output>
  <suite name="Default suite" duration-ms="1493" started-at="2018-07-04T11:48:42Z" finished-at="2018-07-04T11:48:44Z">
    <groups>
    </groups>
    <test name="Default test" duration-ms="1493" started-at="2018-07-04T11:48:42Z" finished-at="2018-07-04T11:48:44Z">
      <class name="com.hms.test.admin.AdminAPI">
        <test-method status="PASS" signature="fn_ValidateWsauthAPI()[pri:0, instance:com.hms.test.admin.AdminAPI@19bb07ed]" name="fn_ValidateWsauthAPI" is-config="true" duration-ms="1311" started-at="2018-07-04T17:18:42Z" finished-at="2018-07-04T17:18:43Z">
          <reporter-output>
          </reporter-output>
        </test-method> <!-- fn_ValidateWsauthAPI -->
        <test-method status="PASS" signature="fn_GenerateGroupWsauthKey()[pri:0, instance:com.hms.test.admin.AdminAPI@19bb07ed]" name="fn_GenerateGroupWsauthKey" duration-ms="165" started-at="2018-07-04T17:18:43Z" finished-at="2018-07-04T17:18:44Z">
          <reporter-output>
          </reporter-output>
        </test-method> <!-- fn_GenerateGroupWsauthKey -->
      </class> <!-- com.hms.test.admin.AdminAPI -->
    </test> <!-- Default test -->
  </suite> <!-- Default suite -->
</testng-results>
