<?xml version="1.0" encoding="UTF-8"?>
<!-- Generated by org.testng.reporters.JUnitXMLReporter -->
<testsuite hostname="HMS-Harish-QA" name="Test(failed)" tests="5" failures="3" timestamp="19 Jun 2018 05:39:09 GMT" time="72.253" errors="0">
  <testcase name="fn_CreateTACRSReservationWithCreditCardPaymentMode" time="30.011" classname="com.hms.test.web.WebAPIScenario">
    <failure type="org.testng.internal.thread.ThreadTimeoutException" message="Method org.testng.internal.TestNGMethod.fn_CreateTACRSReservationWithCreditCardPaymentMode() didn&amp;apos;t finish within the time-out 30000">
      <![CDATA[org.testng.internal.thread.ThreadTimeoutException: Method org.testng.internal.TestNGMethod.fn_CreateTACRSReservationWithCreditCardPaymentMode() didn't finish within the time-out 30000
	at java.net.SocketInputStream.socketRead0(Native Method)
	at java.net.SocketInputStream.socketRead(Unknown Source)
	at java.net.SocketInputStream.read(Unknown Source)
	at java.net.SocketInputStream.read(Unknown Source)
	at org.apache.http.impl.conn.LoggingInputStream.read(LoggingInputStream.java:87)
	at org.apache.http.impl.io.SessionInputBufferImpl.streamRead(SessionInputBufferImpl.java:136)
	at org.apache.http.impl.io.SessionInputBufferImpl.fillBuffer(SessionInputBufferImpl.java:152)
	at org.apache.http.impl.io.SessionInputBufferImpl.readLine(SessionInputBufferImpl.java:270)
	at org.apache.http.impl.conn.DefaultHttpResponseParser.parseHead(DefaultHttpResponseParser.java:140)
	at org.apache.http.impl.conn.DefaultHttpResponseParser.parseHead(DefaultHttpResponseParser.java:57)
	at org.apache.http.impl.io.AbstractMessageParser.parse(AbstractMessageParser.java:260)
	at org.apache.http.impl.DefaultBHttpClientConnection.receiveResponseHeader(DefaultBHttpClientConnection.java:161)
	at org.apache.http.impl.conn.CPoolProxy.receiveResponseHeader(CPoolProxy.java:153)
	at org.apache.http.protocol.HttpRequestExecutor.doReceiveResponse(HttpRequestExecutor.java:271)
	at org.apache.http.protocol.HttpRequestExecutor.execute(HttpRequestExecutor.java:123)
	at org.apache.http.impl.execchain.MainClientExec.execute(MainClientExec.java:254)
	at org.apache.http.impl.execchain.ProtocolExec.execute(ProtocolExec.java:195)
	at org.apache.http.impl.execchain.RetryExec.execute(RetryExec.java:86)
	at org.apache.http.impl.execchain.RedirectExec.execute(RedirectExec.java:108)
	at org.apache.http.impl.client.InternalHttpClient.doExecute(InternalHttpClient.java:184)
	at org.apache.http.impl.client.CloseableHttpClient.execute(CloseableHttpClient.java:82)
	at org.apache.http.impl.client.CloseableHttpClient.execute(CloseableHttpClient.java:106)
	at org.apache.http.impl.client.CloseableHttpClient.execute(CloseableHttpClient.java:57)
	at com.mashape.unirest.http.HttpClientHelper.request(HttpClientHelper.java:125)
	at com.mashape.unirest.request.BaseRequest.asJson(BaseRequest.java:64)
	at com.hotelogix.web.ConfirmBooking.fn_ConfirmBookingWithCreditCardPaymentMaode(ConfirmBooking.java:65)
	at com.hms.test.web.WebAPIScenario.fn_CreateTACRSReservationWithCreditCardPaymentMode(WebAPIScenario.java:297)
	at java.util.concurrent.Executors$RunnableAdapter.call(Unknown Source)
	at java.util.concurrent.FutureTask.run(Unknown Source)
	at java.util.concurrent.ThreadPoolExecutor.runWorker(Unknown Source)
	at java.util.concurrent.ThreadPoolExecutor$Worker.run(Unknown Source)
	at java.lang.Thread.run(Unknown Source)
... Removed 7 stack frames]]>
    </failure>
  </testcase> <!-- fn_CreateTACRSReservationWithCreditCardPaymentMode -->
  <testcase name="fn_CreateCorporateCRSReservationWithCreditCardPaymentMode" time="30.004" classname="com.hms.test.web.WebAPIScenario">
    <failure type="org.testng.internal.thread.ThreadTimeoutException" message="Method org.testng.internal.TestNGMethod.fn_CreateCorporateCRSReservationWithCreditCardPaymentMode() didn&amp;apos;t finish within the time-out 30000">
      <![CDATA[org.testng.internal.thread.ThreadTimeoutException: Method org.testng.internal.TestNGMethod.fn_CreateCorporateCRSReservationWithCreditCardPaymentMode() didn't finish within the time-out 30000
	at java.net.SocketInputStream.socketRead0(Native Method)
	at java.net.SocketInputStream.socketRead(Unknown Source)
	at java.net.SocketInputStream.read(Unknown Source)
	at java.net.SocketInputStream.read(Unknown Source)
	at org.apache.http.impl.conn.LoggingInputStream.read(LoggingInputStream.java:87)
	at org.apache.http.impl.io.SessionInputBufferImpl.streamRead(SessionInputBufferImpl.java:136)
	at org.apache.http.impl.io.SessionInputBufferImpl.fillBuffer(SessionInputBufferImpl.java:152)
	at org.apache.http.impl.io.SessionInputBufferImpl.readLine(SessionInputBufferImpl.java:270)
	at org.apache.http.impl.conn.DefaultHttpResponseParser.parseHead(DefaultHttpResponseParser.java:140)
	at org.apache.http.impl.conn.DefaultHttpResponseParser.parseHead(DefaultHttpResponseParser.java:57)
	at org.apache.http.impl.io.AbstractMessageParser.parse(AbstractMessageParser.java:260)
	at org.apache.http.impl.DefaultBHttpClientConnection.receiveResponseHeader(DefaultBHttpClientConnection.java:161)
	at org.apache.http.impl.conn.CPoolProxy.receiveResponseHeader(CPoolProxy.java:153)
	at org.apache.http.protocol.HttpRequestExecutor.doReceiveResponse(HttpRequestExecutor.java:271)
	at org.apache.http.protocol.HttpRequestExecutor.execute(HttpRequestExecutor.java:123)
	at org.apache.http.impl.execchain.MainClientExec.execute(MainClientExec.java:254)
	at org.apache.http.impl.execchain.ProtocolExec.execute(ProtocolExec.java:195)
	at org.apache.http.impl.execchain.RetryExec.execute(RetryExec.java:86)
	at org.apache.http.impl.execchain.RedirectExec.execute(RedirectExec.java:108)
	at org.apache.http.impl.client.InternalHttpClient.doExecute(InternalHttpClient.java:184)
	at org.apache.http.impl.client.CloseableHttpClient.execute(CloseableHttpClient.java:82)
	at org.apache.http.impl.client.CloseableHttpClient.execute(CloseableHttpClient.java:106)
	at org.apache.http.impl.client.CloseableHttpClient.execute(CloseableHttpClient.java:57)
	at com.mashape.unirest.http.HttpClientHelper.request(HttpClientHelper.java:125)
	at com.mashape.unirest.request.BaseRequest.asJson(BaseRequest.java:64)
	at com.hotelogix.web.ConfirmBooking.fn_ConfirmBookingWithCreditCardPaymentMaode(ConfirmBooking.java:65)
	at com.hms.test.web.WebAPIScenario.fn_CreateCorporateCRSReservationWithCreditCardPaymentMode(WebAPIScenario.java:374)
	at java.util.concurrent.Executors$RunnableAdapter.call(Unknown Source)
	at java.util.concurrent.FutureTask.run(Unknown Source)
	at java.util.concurrent.ThreadPoolExecutor.runWorker(Unknown Source)
	at java.util.concurrent.ThreadPoolExecutor$Worker.run(Unknown Source)
	at java.lang.Thread.run(Unknown Source)
... Removed 7 stack frames]]>
    </failure>
  </testcase> <!-- fn_CreateCorporateCRSReservationWithCreditCardPaymentMode -->
  <testcase name="fn_GetCountyList" time="0.074" classname="com.hms.test.web.WebAPIScenario">
    <failure type="com.hms.test.RepoterAndCustomException.APIException" message="GetCountyList API has Failed">
      <![CDATA[com.hms.test.RepoterAndCustomException.APIException: GetCountyList API has Failed
	at com.hms.test.web.WebAPIScenario.fn_GetCountyList(WebAPIScenario.java:449)
	at java.util.concurrent.Executors$RunnableAdapter.call(Unknown Source)
	at java.util.concurrent.FutureTask.run(Unknown Source)
	at java.util.concurrent.ThreadPoolExecutor.runWorker(Unknown Source)
	at java.util.concurrent.ThreadPoolExecutor$Worker.run(Unknown Source)
	at java.lang.Thread.run(Unknown Source)
Caused by: com.hms.test.RepoterAndCustomException.APIException: GetCountry API is failed
	at com.hotelogix.web.GetCountryList.fn_GetCountryList(GetCountryList.java:40)
	at com.hms.test.web.WebAPIScenario.fn_GetCountyList(WebAPIScenario.java:447)
	... 12 more
Caused by: java.lang.RuntimeException: java.lang.NullPointerException
	at com.mashape.unirest.request.HttpRequest.<init>(HttpRequest.java:53)
	at com.mashape.unirest.request.HttpRequestWithBody.<init>(HttpRequestWithBody.java:40)
	at com.mashape.unirest.http.Unirest.post(Unirest.java:91)
	at com.hotelogix.web.GetCountryList.fn_GetCountryList(GetCountryList.java:19)
	... 13 more
Caused by: java.lang.NullPointerException
	at com.mashape.unirest.request.HttpRequest.parseUrl(HttpRequest.java:45)
	at com.mashape.unirest.request.HttpRequest.<init>(HttpRequest.java:51)
	... 16 more
... Removed 7 stack frames]]>
    </failure>
  </testcase> <!-- fn_GetCountyList -->
  <testcase name="fn_GetZoneList" time="9.057" classname="com.hms.test.web.WebAPIScenario"/>
  <testcase name="fn_BookingRestrictions" time="0.736" classname="com.hms.test.web.WebAPIScenario"/>
</testsuite> <!-- Test(failed) -->
