<?xml version="1.0" encoding="UTF-8"?>
<!-- Generated by org.testng.reporters.JUnitXMLReporter -->
<testsuite hostname="HMS-Harish-QA" name="Test(failed)(failed)(failed)" tests="1" failures="1" timestamp="19 Jun 2018 05:43:23 GMT" time="69.628" errors="0">
  <testcase name="fn_CreateTACRSReservationWithCreditCardPaymentMode" time="67.536" classname="com.hms.test.web.WebAPIScenario">
    <failure type="com.hms.test.RepoterAndCustomException.APIException" message="CreateTACRSReservationWithCreditCardPaymentMode scenarios has failed">
      <![CDATA[com.hms.test.RepoterAndCustomException.APIException: CreateTACRSReservationWithCreditCardPaymentMode scenarios has failed
	at com.hms.test.web.WebAPIScenario.fn_CreateTACRSReservationWithCreditCardPaymentMode(WebAPIScenario.java:299)
Caused by: com.hms.test.RepoterAndCustomException.APIException: ConfirmBooking api with credit card mode payment is failed
	at com.hotelogix.web.ConfirmBooking.fn_ConfirmBookingWithCreditCardPaymentMaode(ConfirmBooking.java:87)
	at com.hms.test.web.WebAPIScenario.fn_CreateTACRSReservationWithCreditCardPaymentMode(WebAPIScenario.java:297)
	... 24 more
Caused by: com.mashape.unirest.http.exceptions.UnirestException: java.net.SocketTimeoutException: Read timed out
	at com.mashape.unirest.http.HttpClientHelper.request(HttpClientHelper.java:127)
	at com.mashape.unirest.request.BaseRequest.asJson(BaseRequest.java:64)
	at com.hotelogix.web.ConfirmBooking.fn_ConfirmBookingWithCreditCardPaymentMaode(ConfirmBooking.java:65)
	... 25 more
Caused by: java.net.SocketTimeoutException: Read timed out
	at java.net.SocketInputStream.socketRead0(Native Method)
	at java.net.SocketInputStream.socketRead(Unknown Source)
	at java.net.SocketInputStream.read(Unknown Source)
	at java.net.SocketInputStream.read(Unknown Source)
	at org.apache.http.impl.conn.LoggingInputStream.read(LoggingInputStream.java:87)
	at org.apache.http.impl.io.SessionInputBufferImpl.streamRead(SessionInputBufferImpl.java:136)
	at org.apache.http.impl.io.SessionInputBufferImpl.fillBuffer(SessionInputBufferImpl.java:152)
	at org.apache.http.impl.io.SessionInputBufferImpl.readLine(SessionInputBufferImpl.java:270)
	at org.apache.http.impl.conn.DefaultHttpResponseParser.parseHead(DefaultHttpResponseParser.java:140)
	at org.apache.http.impl.conn.DefaultHttpResponseParser.parseHead(DefaultHttpResponseParser.java:57)
	at org.apache.http.impl.io.AbstractMessageParser.parse(AbstractMessageParser.java:260)
	at org.apache.http.impl.DefaultBHttpClientConnection.receiveResponseHeader(DefaultBHttpClientConnection.java:161)
	at org.apache.http.impl.conn.CPoolProxy.receiveResponseHeader(CPoolProxy.java:153)
	at org.apache.http.protocol.HttpRequestExecutor.doReceiveResponse(HttpRequestExecutor.java:271)
	at org.apache.http.protocol.HttpRequestExecutor.execute(HttpRequestExecutor.java:123)
	at org.apache.http.impl.execchain.MainClientExec.execute(MainClientExec.java:254)
	at org.apache.http.impl.execchain.ProtocolExec.execute(ProtocolExec.java:195)
	at org.apache.http.impl.execchain.RetryExec.execute(RetryExec.java:86)
	at org.apache.http.impl.execchain.RedirectExec.execute(RedirectExec.java:108)
	at org.apache.http.impl.client.InternalHttpClient.doExecute(InternalHttpClient.java:184)
	at org.apache.http.impl.client.CloseableHttpClient.execute(CloseableHttpClient.java:82)
	at org.apache.http.impl.client.CloseableHttpClient.execute(CloseableHttpClient.java:106)
	at org.apache.http.impl.client.CloseableHttpClient.execute(CloseableHttpClient.java:57)
	at com.mashape.unirest.http.HttpClientHelper.request(HttpClientHelper.java:125)
	... 27 more
... Removed 24 stack frames]]>
    </failure>
  </testcase> <!-- fn_CreateTACRSReservationWithCreditCardPaymentMode -->
</testsuite> <!-- Test(failed)(failed)(failed) -->
